<?xml version="1.0" encoding="UTF-8"?>
<testsuite xmlns:xsi="http://www.w3.org/2001/XMLSchema-instance" xsi:noNamespaceSchemaLocation="https://maven.apache.org/surefire/maven-surefire-plugin/xsd/surefire-test-report.xsd" name="CourierClientTest" time="74.7" tests="8" errors="0" skipped="0" failures="0">
  <properties>
[...]
</properties>
  <testcase name="requestWithoutFieldPasswordTest" classname="CourierClientTest" time="6.91"/>
  <testcase name="requestLoginCourierInSystem" classname="CourierClientTest" time="1.765"/>
  <testcase name="requestCreateLoginWithoutFieldPasswordTest" classname="CourierClientTest" time="62.092"/>
  <testcase name="createCourier" classname="CourierClientTest" time="0.737"/>
  <testcase name="requestCreateLoginWithNonExistentLoginPasswordTest" classname="CourierClientTest" time="0.597"/>
  <testcase name="requestWithoutPasswordTest" classname="CourierClientTest" time="0.598"/>
  <testcase name="requestCreateCourierWithRepetitiveLogin" classname="CourierClientTest" time="1.012"/>
  <testcase name="requestCreateLoginWithoutPasswordTest" classname="CourierClientTest" time="0.621"/>
</testsuite>